<?xml version="1.0" encoding="UTF-8"?>
<!-- Generated by org.testng.reporters.JUnitReportReporter -->
<testsuite hostname="Lenovo" failures="0" tests="1" name="org.devaseva.com.HomePageThroughVeiwCampaign" time="65.991" errors="1" timestamp="2022-09-12T15:48:44 IST" skipped="0">
  <testcase classname="org.devaseva.com.HomePageThroughVeiwCampaign" name="viewCamphaign" time="65.991">
    <error message="An element could not be located on the page using the given search parameters.
For documentation on this error, please visit: https://www.seleniumhq.org/exceptions/no_such_element.html
Build info: version: &#039;3.141.59&#039;, revision: &#039;e82be7d358&#039;, time: &#039;2018-11-14T08:17:03&#039;
System info: host: &#039;LENOVO&#039;, ip: &#039;192.168.186.136&#039;, os.name: &#039;Windows 10&#039;, os.arch: &#039;amd64&#039;, os.version: &#039;10.0&#039;, java.version: &#039;16.0.1&#039;
Driver info: io.appium.java_client.android.AndroidDriver
Capabilities {appActivity: .MainActivity, appPackage: com.devaseva.app, databaseEnabled: false, desired: {appActivity: .MainActivity, appPackage: com.devaseva.app, platformName: android, platformVersion: 7.1.2 N2G47H, udid: 55ca65127d93}, deviceApiLevel: 25, deviceManufacturer: Xiaomi, deviceModel: Redmi 4, deviceName: 55ca65127d93, deviceScreenDensity: 320, deviceScreenSize: 720x1280, deviceUDID: 55ca65127d93, javascriptEnabled: true, locationContextEnabled: false, networkConnectionEnabled: true, pixelRatio: 2, platform: LINUX, platformName: Android, platformVersion: 7.1.2, statBarHeight: 50, takesScreenshot: true, udid: 55ca65127d93, viewportRect: {height: 1230, left: 0, top: 50, width: 720}, warnings: {}, webStorageEnabled: false}
Session ID: f95d6eb8-aaea-484e-b440-c73eb446db99
*** Element info: {Using=xpath, value=//android.widget.ImageView[contains(@content-desc,&#039;By Satguru Charitable Trust&#039;)]/child::android.widget.Button[@content-desc=&#039;Book A Seva&#039;]}" type="org.openqa.selenium.NoSuchElementException">
      <![CDATA[org.openqa.selenium.NoSuchElementException: An element could not be located on the page using the given search parameters.
For documentation on this error, please visit: https://www.seleniumhq.org/exceptions/no_such_element.html
Build info: version: '3.141.59', revision: 'e82be7d358', time: '2018-11-14T08:17:03'
System info: host: 'LENOVO', ip: '192.168.186.136', os.name: 'Windows 10', os.arch: 'amd64', os.version: '10.0', java.version: '16.0.1'
Driver info: io.appium.java_client.android.AndroidDriver
Capabilities {appActivity: .MainActivity, appPackage: com.devaseva.app, databaseEnabled: false, desired: {appActivity: .MainActivity, appPackage: com.devaseva.app, platformName: android, platformVersion: 7.1.2 N2G47H, udid: 55ca65127d93}, deviceApiLevel: 25, deviceManufacturer: Xiaomi, deviceModel: Redmi 4, deviceName: 55ca65127d93, deviceScreenDensity: 320, deviceScreenSize: 720x1280, deviceUDID: 55ca65127d93, javascriptEnabled: true, locationContextEnabled: false, networkConnectionEnabled: true, pixelRatio: 2, platform: LINUX, platformName: Android, platformVersion: 7.1.2, statBarHeight: 50, takesScreenshot: true, udid: 55ca65127d93, viewportRect: {height: 1230, left: 0, top: 50, width: 720}, warnings: {}, webStorageEnabled: false}
Session ID: f95d6eb8-aaea-484e-b440-c73eb446db99
*** Element info: {Using=xpath, value=//android.widget.ImageView[contains(@content-desc,'By Satguru Charitable Trust')]/child::android.widget.Button[@content-desc='Book A Seva']}
at java.base/jdk.internal.reflect.NativeConstructorAccessorImpl.newInstance0(Native Method)
at java.base/jdk.internal.reflect.NativeConstructorAccessorImpl.newInstance(NativeConstructorAccessorImpl.java:78)
at java.base/jdk.internal.reflect.DelegatingConstructorAccessorImpl.newInstance(DelegatingConstructorAccessorImpl.java:45)
at java.base/java.lang.reflect.Constructor.newInstanceWithCaller(Constructor.java:499)
at java.base/java.lang.reflect.Constructor.newInstance(Constructor.java:480)
at org.openqa.selenium.remote.http.W3CHttpResponseCodec.createException(W3CHttpResponseCodec.java:187)
at org.openqa.selenium.remote.http.W3CHttpResponseCodec.decode(W3CHttpResponseCodec.java:122)
at org.openqa.selenium.remote.http.W3CHttpResponseCodec.decode(W3CHttpResponseCodec.java:49)
at org.openqa.selenium.remote.HttpCommandExecutor.execute(HttpCommandExecutor.java:158)
at io.appium.java_client.remote.AppiumCommandExecutor.execute(AppiumCommandExecutor.java:239)
at org.openqa.selenium.remote.RemoteWebDriver.execute(RemoteWebDriver.java:552)
at io.appium.java_client.DefaultGenericMobileDriver.execute(DefaultGenericMobileDriver.java:42)
at io.appium.java_client.AppiumDriver.execute(AppiumDriver.java:1)
at io.appium.java_client.android.AndroidDriver.execute(AndroidDriver.java:1)
at org.openqa.selenium.remote.RemoteWebDriver.findElement(RemoteWebDriver.java:323)
at io.appium.java_client.DefaultGenericMobileDriver.findElement(DefaultGenericMobileDriver.java:62)
at io.appium.java_client.AppiumDriver.findElement(AppiumDriver.java:1)
at io.appium.java_client.android.AndroidDriver.findElement(AndroidDriver.java:1)
at org.openqa.selenium.remote.RemoteWebDriver.findElementByXPath(RemoteWebDriver.java:428)
at io.appium.java_client.DefaultGenericMobileDriver.findElementByXPath(DefaultGenericMobileDriver.java:152)
at io.appium.java_client.AppiumDriver.findElementByXPath(AppiumDriver.java:1)
at io.appium.java_client.android.AndroidDriver.findElementByXPath(AndroidDriver.java:1)
at org.openqa.selenium.By$ByXPath.findElement(By.java:353)
at org.openqa.selenium.remote.RemoteWebDriver.findElement(RemoteWebDriver.java:315)
at io.appium.java_client.DefaultGenericMobileDriver.findElement(DefaultGenericMobileDriver.java:58)
at io.appium.java_client.AppiumDriver.findElement(AppiumDriver.java:1)
at io.appium.java_client.android.AndroidDriver.findElement(AndroidDriver.java:1)
at org.devaseva.com.HomePageThroughVeiwCampaign.viewCamphaign(HomePageThroughVeiwCampaign.java:57)
at java.base/jdk.internal.reflect.NativeMethodAccessorImpl.invoke0(Native Method)
at java.base/jdk.internal.reflect.NativeMethodAccessorImpl.invoke(NativeMethodAccessorImpl.java:78)
at java.base/jdk.internal.reflect.DelegatingMethodAccessorImpl.invoke(DelegatingMethodAccessorImpl.java:43)
at java.base/java.lang.reflect.Method.invoke(Method.java:567)
at org.testng.internal.MethodInvocationHelper.invokeMethod(MethodInvocationHelper.java:133)
at org.testng.internal.TestInvoker.invokeMethod(TestInvoker.java:598)
at org.testng.internal.TestInvoker.invokeTestMethod(TestInvoker.java:173)
at org.testng.internal.MethodRunner.runInSequence(MethodRunner.java:46)
at org.testng.internal.TestInvoker$MethodInvocationAgent.invoke(TestInvoker.java:824)
at org.testng.internal.TestInvoker.invokeTestMethods(TestInvoker.java:146)
at org.testng.internal.TestMethodWorker.invokeTestMethods(TestMethodWorker.java:146)
at org.testng.internal.TestMethodWorker.run(TestMethodWorker.java:128)
at java.base/java.util.ArrayList.forEach(ArrayList.java:1511)
at org.testng.TestRunner.privateRun(TestRunner.java:794)
at org.testng.TestRunner.run(TestRunner.java:596)
at org.testng.SuiteRunner.runTest(SuiteRunner.java:377)
at org.testng.SuiteRunner.runSequentially(SuiteRunner.java:371)
at org.testng.SuiteRunner.privateRun(SuiteRunner.java:332)
at org.testng.SuiteRunner.run(SuiteRunner.java:276)
at org.testng.SuiteRunnerWorker.runSuite(SuiteRunnerWorker.java:53)
at org.testng.SuiteRunnerWorker.run(SuiteRunnerWorker.java:96)
at org.testng.TestNG.runSuitesSequentially(TestNG.java:1212)
at org.testng.TestNG.runSuitesLocally(TestNG.java:1134)
at org.testng.TestNG.runSuites(TestNG.java:1063)
at org.testng.TestNG.run(TestNG.java:1031)
at org.testng.remote.AbstractRemoteTestNG.run(AbstractRemoteTestNG.java:115)
at org.testng.remote.RemoteTestNG.initAndRun(RemoteTestNG.java:251)
at org.testng.remote.RemoteTestNG.main(RemoteTestNG.java:77)
]]>
    </error>
  </testcase> <!-- viewCamphaign -->
  <system-out/>
</testsuite> <!-- org.devaseva.com.HomePageThroughVeiwCampaign -->
