<?xml version="1.0" encoding="UTF-8"?>
<!-- Generated by org.testng.reporters.JUnitReportReporter -->
<testsuite hostname="Lenovo" failures="0" tests="1" name="org.devaseva.com.ProfileTest" time="34.690" errors="0" timestamp="2022-09-12T15:13:53 IST" skipped="0">
  <testcase classname="org.devaseva.com.ProfileTest" name="profileTest" time="34.690"/>
  <system-out/>
</testsuite> <!-- org.devaseva.com.ProfileTest -->
