<?xml version="1.0" encoding="UTF-8"?>
<!-- Generated by org.testng.reporters.JUnitReportReporter -->
<testsuite hostname="Lenovo" failures="0" tests="1" name="Pages.test.DragAndDropTest" time="24.007" errors="0" timestamp="2022-08-18T17:15:55 IST" skipped="0">
  <testcase classname="Pages.test.DragAndDropTest" name="dragAndDrop" time="24.007"/>
  <system-out/>
</testsuite> <!-- Pages.test.DragAndDropTest -->
