<?xml version="1.0" encoding="UTF-8"?>
<!-- Generated by org.testng.reporters.JUnitReportReporter -->
<testsuite hostname="Lenovo" failures="0" tests="1" name="JavaPtacticeCollection.Pattern" time="0.021" errors="0" timestamp="2022-09-28T13:44:18 IST" skipped="0">
  <testcase classname="JavaPtacticeCollection.Pattern" name="evenPatter" time="0.021"/>
  <system-out/>
</testsuite> <!-- JavaPtacticeCollection.Pattern -->
