<?xml version="1.0" encoding="UTF-8"?>
<!-- Generated by org.testng.reporters.JUnitReportReporter -->
<testsuite hostname="Lenovo" failures="0" tests="1" name="JavaPtacticeCollection.ReverseString" time="0.006" errors="0" timestamp="2022-09-26T16:33:16 IST" skipped="0">
  <testcase classname="JavaPtacticeCollection.ReverseString" name="swapUsingSubstring" time="0.006"/>
  <system-out/>
</testsuite> <!-- JavaPtacticeCollection.ReverseString -->
