<?xml version="1.0" encoding="UTF-8"?>
<!-- Generated by org.testng.reporters.JUnitReportReporter -->
<testsuite hostname="Lenovo" failures="0" tests="1" name="JavaPtacticeCollection.ArrayListCollection" time="0.008" errors="0" timestamp="2022-09-15T11:07:07 IST" skipped="0">
  <testcase classname="JavaPtacticeCollection.ArrayListCollection" name="missingNumberTest" time="0.008"/>
  <system-out/>
</testsuite> <!-- JavaPtacticeCollection.ArrayListCollection -->
