<?xml version="1.0" encoding="UTF-8"?>
<!-- Generated by org.testng.reporters.JUnitReportReporter -->
<testsuite hostname="Lenovo" failures="0" tests="1" name="Pages.test.VolumeUpVolumDown" time="22.973" errors="0" timestamp="2022-08-21T05:45:14 IST" skipped="0">
  <testcase classname="Pages.test.VolumeUpVolumDown" name="volumeUp" time="22.973"/>
  <system-out/>
</testsuite> <!-- Pages.test.VolumeUpVolumDown -->
